<?xml version="1.0" encoding="UTF-8"?>
<testsuite xmlns:xsi="http://www.w3.org/2001/XMLSchema-instance" xsi:noNamespaceSchemaLocation="https://maven.apache.org/surefire/maven-surefire-plugin/xsd/surefire-test-report.xsd" name="mavenspock.TestControllerSpec" time="1.645" tests="1" errors="1" skipped="0" failures="0">
  <properties>
    <property name="gopherProxySet" value="false"/>
    <property name="awt.toolkit" value="sun.lwawt.macosx.LWCToolkit"/>
    <property name="file.encoding.pkg" value="sun.io"/>
    <property name="java.specification.version" value="1.8"/>
    <property name="sun.cpu.isalist" value=""/>
    <property name="sun.jnu.encoding" value="UTF-8"/>
    <property name="java.class.path" value="/Users/dev/Work/micronaut/projects/cli/mavenspock/target/test-classes:/Users/dev/Work/micronaut/projects/cli/mavenspock/target/classes:/Users/dev/.m2/repository/io/micronaut/http-client/1.0.0.BUILD-SNAPSHOT/http-client-1.0.0.BUILD-SNAPSHOT.jar:/Users/dev/.m2/repository/org/slf4j/slf4j-api/1.7.25/slf4j-api-1.7.25.jar:/Users/dev/.m2/repository/io/reactivex/rxjava2/rxjava/2.1.15/rxjava-2.1.15.jar:/Users/dev/.m2/repository/org/reactivestreams/reactive-streams/1.0.1/reactive-streams-1.0.1.jar:/Users/dev/.m2/repository/io/micronaut/http-netty/1.0.0.BUILD-SNAPSHOT/http-netty-1.0.0.BUILD-SNAPSHOT.jar:/Users/dev/.m2/repository/io/micronaut/buffer-netty/1.0.0.BUILD-SNAPSHOT/buffer-netty-1.0.0.BUILD-SNAPSHOT.jar:/Users/dev/.m2/repository/io/netty/netty-buffer/4.1.27.Final/netty-buffer-4.1.27.Final.jar:/Users/dev/.m2/repository/io/netty/netty-common/4.1.27.Final/netty-common-4.1.27.Final.jar:/Users/dev/.m2/repository/io/netty/netty-codec-http/4.1.27.Final/netty-codec-http-4.1.27.Final.jar:/Users/dev/.m2/repository/io/netty/netty-codec/4.1.27.Final/netty-codec-4.1.27.Final.jar:/Users/dev/.m2/repository/io/netty/netty-handler/4.1.27.Final/netty-handler-4.1.27.Final.jar:/Users/dev/.m2/repository/io/netty/netty-handler-proxy/4.1.27.Final/netty-handler-proxy-4.1.27.Final.jar:/Users/dev/.m2/repository/io/netty/netty-transport/4.1.27.Final/netty-transport-4.1.27.Final.jar:/Users/dev/.m2/repository/io/netty/netty-resolver/4.1.27.Final/netty-resolver-4.1.27.Final.jar:/Users/dev/.m2/repository/io/netty/netty-codec-socks/4.1.27.Final/netty-codec-socks-4.1.27.Final.jar:/Users/dev/.m2/repository/io/micronaut/http-server-netty/1.0.0.BUILD-SNAPSHOT/http-server-netty-1.0.0.BUILD-SNAPSHOT.jar:/Users/dev/.m2/repository/io/micronaut/http-server/1.0.0.BUILD-SNAPSHOT/http-server-1.0.0.BUILD-SNAPSHOT.jar:/Users/dev/.m2/repository/io/micronaut/router/1.0.0.BUILD-SNAPSHOT/router-1.0.0.BUILD-SNAPSHOT.jar:/Users/dev/.m2/repository/io/micronaut/inject/1.0.0.BUILD-SNAPSHOT/inject-1.0.0.BUILD-SNAPSHOT.jar:/Users/dev/.m2/repository/javax/inject/javax.inject/1/javax.inject-1.jar:/Users/dev/.m2/repository/io/micronaut/core/1.0.0.BUILD-SNAPSHOT/core-1.0.0.BUILD-SNAPSHOT.jar:/Users/dev/.m2/repository/com/google/code/findbugs/jsr305/3.0.2/jsr305-3.0.2.jar:/Users/dev/.m2/repository/org/yaml/snakeyaml/1.20/snakeyaml-1.20.jar:/Users/dev/.m2/repository/io/micronaut/runtime/1.0.0.BUILD-SNAPSHOT/runtime-1.0.0.BUILD-SNAPSHOT.jar:/Users/dev/.m2/repository/io/micronaut/http/1.0.0.BUILD-SNAPSHOT/http-1.0.0.BUILD-SNAPSHOT.jar:/Users/dev/.m2/repository/io/micronaut/aop/1.0.0.BUILD-SNAPSHOT/aop-1.0.0.BUILD-SNAPSHOT.jar:/Users/dev/.m2/repository/javax/validation/validation-api/2.0.1.Final/validation-api-2.0.1.Final.jar:/Users/dev/.m2/repository/com/fasterxml/jackson/core/jackson-databind/2.9.6/jackson-databind-2.9.6.jar:/Users/dev/.m2/repository/com/fasterxml/jackson/core/jackson-annotations/2.9.0/jackson-annotations-2.9.0.jar:/Users/dev/.m2/repository/com/fasterxml/jackson/core/jackson-core/2.9.6/jackson-core-2.9.6.jar:/Users/dev/.m2/repository/com/fasterxml/jackson/datatype/jackson-datatype-jdk8/2.9.6/jackson-datatype-jdk8-2.9.6.jar:/Users/dev/.m2/repository/com/fasterxml/jackson/datatype/jackson-datatype-jsr310/2.9.6/jackson-datatype-jsr310-2.9.6.jar:/Users/dev/.m2/repository/io/micronaut/inject-java/1.0.0.BUILD-SNAPSHOT/inject-java-1.0.0.BUILD-SNAPSHOT.jar:/Users/dev/.m2/repository/ch/qos/logback/logback-classic/1.2.3/logback-classic-1.2.3.jar:/Users/dev/.m2/repository/ch/qos/logback/logback-core/1.2.3/logback-core-1.2.3.jar:/Users/dev/.m2/repository/org/spockframework/spock-core/1.1-groovy-2.4/spock-core-1.1-groovy-2.4.jar:/Users/dev/.m2/repository/io/micronaut/inject-groovy/1.0.0.BUILD-SNAPSHOT/inject-groovy-1.0.0.BUILD-SNAPSHOT.jar:/Users/dev/.m2/repository/junit/junit/4.12/junit-4.12.jar:/Users/dev/.m2/repository/org/hamcrest/hamcrest-core/1.3/hamcrest-core-1.3.jar:/Users/dev/.m2/repository/org/codehaus/groovy/groovy/2.5.0-rc-2/groovy-2.5.0-rc-2.jar:"/>
    <property name="java.vm.vendor" value="Oracle Corporation"/>
    <property name="sun.arch.data.model" value="64"/>
    <property name="java.vendor.url" value="http://java.oracle.com/"/>
    <property name="user.timezone" value=""/>
    <property name="java.vm.specification.version" value="1.8"/>
    <property name="os.name" value="Mac OS X"/>
    <property name="user.country" value="US"/>
    <property name="sun.java.launcher" value="SUN_STANDARD"/>
    <property name="sun.boot.library.path" value="/Users/dev/.sdkman/candidates/java/8.0.171-oracle/jre/lib"/>
    <property name="sun.java.command" value="/Users/dev/Work/micronaut/projects/cli/mavenspock/target/surefire/surefirebooter5623248894626827511.jar /Users/dev/Work/micronaut/projects/cli/mavenspock/target/surefire 2018-07-29T23-44-42_294-jvmRun1 surefire2455088521057550727tmp surefire_07673266850169370986tmp"/>
    <property name="http.nonProxyHosts" value="local|*.local|169.254/16|*.169.254/16"/>
    <property name="surefire.test.class.path" value="/Users/dev/Work/micronaut/projects/cli/mavenspock/target/test-classes:/Users/dev/Work/micronaut/projects/cli/mavenspock/target/classes:/Users/dev/.m2/repository/io/micronaut/http-client/1.0.0.BUILD-SNAPSHOT/http-client-1.0.0.BUILD-SNAPSHOT.jar:/Users/dev/.m2/repository/org/slf4j/slf4j-api/1.7.25/slf4j-api-1.7.25.jar:/Users/dev/.m2/repository/io/reactivex/rxjava2/rxjava/2.1.15/rxjava-2.1.15.jar:/Users/dev/.m2/repository/org/reactivestreams/reactive-streams/1.0.1/reactive-streams-1.0.1.jar:/Users/dev/.m2/repository/io/micronaut/http-netty/1.0.0.BUILD-SNAPSHOT/http-netty-1.0.0.BUILD-SNAPSHOT.jar:/Users/dev/.m2/repository/io/micronaut/buffer-netty/1.0.0.BUILD-SNAPSHOT/buffer-netty-1.0.0.BUILD-SNAPSHOT.jar:/Users/dev/.m2/repository/io/netty/netty-buffer/4.1.27.Final/netty-buffer-4.1.27.Final.jar:/Users/dev/.m2/repository/io/netty/netty-common/4.1.27.Final/netty-common-4.1.27.Final.jar:/Users/dev/.m2/repository/io/netty/netty-codec-http/4.1.27.Final/netty-codec-http-4.1.27.Final.jar:/Users/dev/.m2/repository/io/netty/netty-codec/4.1.27.Final/netty-codec-4.1.27.Final.jar:/Users/dev/.m2/repository/io/netty/netty-handler/4.1.27.Final/netty-handler-4.1.27.Final.jar:/Users/dev/.m2/repository/io/netty/netty-handler-proxy/4.1.27.Final/netty-handler-proxy-4.1.27.Final.jar:/Users/dev/.m2/repository/io/netty/netty-transport/4.1.27.Final/netty-transport-4.1.27.Final.jar:/Users/dev/.m2/repository/io/netty/netty-resolver/4.1.27.Final/netty-resolver-4.1.27.Final.jar:/Users/dev/.m2/repository/io/netty/netty-codec-socks/4.1.27.Final/netty-codec-socks-4.1.27.Final.jar:/Users/dev/.m2/repository/io/micronaut/http-server-netty/1.0.0.BUILD-SNAPSHOT/http-server-netty-1.0.0.BUILD-SNAPSHOT.jar:/Users/dev/.m2/repository/io/micronaut/http-server/1.0.0.BUILD-SNAPSHOT/http-server-1.0.0.BUILD-SNAPSHOT.jar:/Users/dev/.m2/repository/io/micronaut/router/1.0.0.BUILD-SNAPSHOT/router-1.0.0.BUILD-SNAPSHOT.jar:/Users/dev/.m2/repository/io/micronaut/inject/1.0.0.BUILD-SNAPSHOT/inject-1.0.0.BUILD-SNAPSHOT.jar:/Users/dev/.m2/repository/javax/inject/javax.inject/1/javax.inject-1.jar:/Users/dev/.m2/repository/io/micronaut/core/1.0.0.BUILD-SNAPSHOT/core-1.0.0.BUILD-SNAPSHOT.jar:/Users/dev/.m2/repository/com/google/code/findbugs/jsr305/3.0.2/jsr305-3.0.2.jar:/Users/dev/.m2/repository/org/yaml/snakeyaml/1.20/snakeyaml-1.20.jar:/Users/dev/.m2/repository/io/micronaut/runtime/1.0.0.BUILD-SNAPSHOT/runtime-1.0.0.BUILD-SNAPSHOT.jar:/Users/dev/.m2/repository/io/micronaut/http/1.0.0.BUILD-SNAPSHOT/http-1.0.0.BUILD-SNAPSHOT.jar:/Users/dev/.m2/repository/io/micronaut/aop/1.0.0.BUILD-SNAPSHOT/aop-1.0.0.BUILD-SNAPSHOT.jar:/Users/dev/.m2/repository/javax/validation/validation-api/2.0.1.Final/validation-api-2.0.1.Final.jar:/Users/dev/.m2/repository/com/fasterxml/jackson/core/jackson-databind/2.9.6/jackson-databind-2.9.6.jar:/Users/dev/.m2/repository/com/fasterxml/jackson/core/jackson-annotations/2.9.0/jackson-annotations-2.9.0.jar:/Users/dev/.m2/repository/com/fasterxml/jackson/core/jackson-core/2.9.6/jackson-core-2.9.6.jar:/Users/dev/.m2/repository/com/fasterxml/jackson/datatype/jackson-datatype-jdk8/2.9.6/jackson-datatype-jdk8-2.9.6.jar:/Users/dev/.m2/repository/com/fasterxml/jackson/datatype/jackson-datatype-jsr310/2.9.6/jackson-datatype-jsr310-2.9.6.jar:/Users/dev/.m2/repository/io/micronaut/inject-java/1.0.0.BUILD-SNAPSHOT/inject-java-1.0.0.BUILD-SNAPSHOT.jar:/Users/dev/.m2/repository/ch/qos/logback/logback-classic/1.2.3/logback-classic-1.2.3.jar:/Users/dev/.m2/repository/ch/qos/logback/logback-core/1.2.3/logback-core-1.2.3.jar:/Users/dev/.m2/repository/org/spockframework/spock-core/1.1-groovy-2.4/spock-core-1.1-groovy-2.4.jar:/Users/dev/.m2/repository/io/micronaut/inject-groovy/1.0.0.BUILD-SNAPSHOT/inject-groovy-1.0.0.BUILD-SNAPSHOT.jar:/Users/dev/.m2/repository/junit/junit/4.12/junit-4.12.jar:/Users/dev/.m2/repository/org/hamcrest/hamcrest-core/1.3/hamcrest-core-1.3.jar:/Users/dev/.m2/repository/org/codehaus/groovy/groovy/2.5.0-rc-2/groovy-2.5.0-rc-2.jar:"/>
    <property name="sun.cpu.endian" value="little"/>
    <property name="user.home" value="/Users/dev"/>
    <property name="user.language" value="en"/>
    <property name="java.specification.vendor" value="Oracle Corporation"/>
    <property name="java.home" value="/Users/dev/.sdkman/candidates/java/8.0.171-oracle/jre"/>
    <property name="basedir" value="/Users/dev/Work/micronaut/projects/cli/mavenspock"/>
    <property name="file.separator" value="/"/>
    <property name="line.separator" value="&#10;"/>
    <property name="java.vm.specification.vendor" value="Oracle Corporation"/>
    <property name="java.specification.name" value="Java Platform API Specification"/>
    <property name="java.awt.graphicsenv" value="sun.awt.CGraphicsEnvironment"/>
    <property name="surefire.real.class.path" value="/Users/dev/Work/micronaut/projects/cli/mavenspock/target/surefire/surefirebooter5623248894626827511.jar"/>
    <property name="sun.boot.class.path" value="/Users/dev/.sdkman/candidates/java/8.0.171-oracle/jre/lib/resources.jar:/Users/dev/.sdkman/candidates/java/8.0.171-oracle/jre/lib/rt.jar:/Users/dev/.sdkman/candidates/java/8.0.171-oracle/jre/lib/sunrsasign.jar:/Users/dev/.sdkman/candidates/java/8.0.171-oracle/jre/lib/jsse.jar:/Users/dev/.sdkman/candidates/java/8.0.171-oracle/jre/lib/jce.jar:/Users/dev/.sdkman/candidates/java/8.0.171-oracle/jre/lib/charsets.jar:/Users/dev/.sdkman/candidates/java/8.0.171-oracle/jre/lib/jfr.jar:/Users/dev/.sdkman/candidates/java/8.0.171-oracle/jre/classes"/>
    <property name="sun.management.compiler" value="HotSpot 64-Bit Tiered Compilers"/>
    <property name="ftp.nonProxyHosts" value="local|*.local|169.254/16|*.169.254/16"/>
    <property name="java.runtime.version" value="1.8.0_171-b11"/>
    <property name="user.name" value="dev"/>
    <property name="path.separator" value=":"/>
    <property name="os.version" value="10.13.6"/>
    <property name="java.endorsed.dirs" value="/Users/dev/.sdkman/candidates/java/8.0.171-oracle/jre/lib/endorsed"/>
    <property name="java.runtime.name" value="Java(TM) SE Runtime Environment"/>
    <property name="file.encoding" value="UTF-8"/>
    <property name="java.vm.name" value="Java HotSpot(TM) 64-Bit Server VM"/>
    <property name="localRepository" value="/Users/dev/.m2/repository"/>
    <property name="java.vendor.url.bug" value="http://bugreport.sun.com/bugreport/"/>
    <property name="java.io.tmpdir" value="/var/folders/ts/dzsbf6dj1t9gx3b3d3488hvw0000gr/T/"/>
    <property name="idea.version" value="2018.2"/>
    <property name="java.version" value="1.8.0_171"/>
    <property name="user.dir" value="/Users/dev/Work/micronaut/projects/cli/mavenspock"/>
    <property name="os.arch" value="x86_64"/>
    <property name="java.vm.specification.name" value="Java Virtual Machine Specification"/>
    <property name="java.awt.printerjob" value="sun.lwawt.macosx.CPrinterJob"/>
    <property name="sun.os.patch.level" value="unknown"/>
    <property name="java.library.path" value="/Users/dev/Library/Java/Extensions:/Library/Java/Extensions:/Network/Library/Java/Extensions:/System/Library/Java/Extensions:/usr/lib/java:."/>
    <property name="java.vm.info" value="mixed mode"/>
    <property name="java.vendor" value="Oracle Corporation"/>
    <property name="java.vm.version" value="25.171-b11"/>
    <property name="java.ext.dirs" value="/Users/dev/Library/Java/Extensions:/Users/dev/.sdkman/candidates/java/8.0.171-oracle/jre/lib/ext:/Library/Java/Extensions:/Network/Library/Java/Extensions:/System/Library/Java/Extensions:/usr/lib/java"/>
    <property name="sun.io.unicode.encoding" value="UnicodeBig"/>
    <property name="java.class.version" value="52.0"/>
    <property name="socksNonProxyHosts" value="local|*.local|169.254/16|*.169.254/16"/>
  </properties>
  <testcase name="mavenspock.TestControllerSpec" classname="mavenspock.TestControllerSpec" time="1.643">
    <error message="Failed to inject value for parameter [router] of class: io.micronaut.web.router.DefaultRouter&#10;&#10;Path Taken: new NettyHttpServer(NettyHttpServerConfiguration serverConfiguration,ApplicationContext applicationContext,[Router router],RequestArgumentSatisfier requestArgumentSatisfier,MediaTypeCodecRegistry mediaTypeCodecRegistry,NettyCustomizableResponseTypeHandlerRegistry customizableResponseTypeHandlerRegistry,StaticResourceResolver resourceResolver,ExecutorService ioExecutor,ThreadFactory threadFactory,ExecutorSelector executorSelector,NettyServerSslBuilder nettyServerSslBuilder,ChannelOutboundHandler[] outboundHandlers) --&gt; new DefaultRouter([RouteBuilder[] builders])" type="io.micronaut.context.exceptions.DependencyInjectionException">io.micronaut.context.exceptions.DependencyInjectionException: 
Failed to inject value for parameter [router] of class: io.micronaut.web.router.DefaultRouter

Path Taken: new NettyHttpServer(NettyHttpServerConfiguration serverConfiguration,ApplicationContext applicationContext,[Router router],RequestArgumentSatisfier requestArgumentSatisfier,MediaTypeCodecRegistry mediaTypeCodecRegistry,NettyCustomizableResponseTypeHandlerRegistry customizableResponseTypeHandlerRegistry,StaticResourceResolver resourceResolver,ExecutorService ioExecutor,ThreadFactory threadFactory,ExecutorSelector executorSelector,NettyServerSslBuilder nettyServerSslBuilder,ChannelOutboundHandler[] outboundHandlers) --> new DefaultRouter([RouteBuilder[] builders])
	at mavenspock.TestControllerSpec.$spock_initializeSharedFields(TestControllerSpec.groovy:14)
Caused by: io.micronaut.context.exceptions.BeanInstantiationException: 
Error instantiating bean of type  [io.micronaut.web.router.DefaultRouter]

Message: io.micronaut.inject.MethodExecutionHandle.getAnnotation(Ljava/lang/Class;)Ljava/lang/annotation/Annotation;
Path Taken: new NettyHttpServer(NettyHttpServerConfiguration serverConfiguration,ApplicationContext applicationContext,[Router router],RequestArgumentSatisfier requestArgumentSatisfier,MediaTypeCodecRegistry mediaTypeCodecRegistry,NettyCustomizableResponseTypeHandlerRegistry customizableResponseTypeHandlerRegistry,StaticResourceResolver resourceResolver,ExecutorService ioExecutor,ThreadFactory threadFactory,ExecutorSelector executorSelector,NettyServerSslBuilder nettyServerSslBuilder,ChannelOutboundHandler[] outboundHandlers) --> new DefaultRouter([RouteBuilder[] builders])
	at mavenspock.TestControllerSpec.$spock_initializeSharedFields(TestControllerSpec.groovy:14)
Caused by: java.lang.NoSuchMethodError: io.micronaut.inject.MethodExecutionHandle.getAnnotation(Ljava/lang/Class;)Ljava/lang/annotation/Annotation;
	at mavenspock.TestControllerSpec.$spock_initializeSharedFields(TestControllerSpec.groovy:14)
</error>
    <system-out><![CDATA[23:44:43.727 [main] INFO  i.m.context.env.DefaultEnvironment - Established active environments: [test]
]]></system-out>
  </testcase>
</testsuite>